<?xml version="1.0" encoding="UTF-8"?>
<testsuite xmlns:xsi="http://www.w3.org/2001/XMLSchema-instance" xsi:noNamespaceSchemaLocation="https://maven.apache.org/surefire/maven-surefire-plugin/xsd/surefire-test-report-3.0.xsd" version="3.0" name="team11.Dyson.DysonApplicationTests" time="11.853" tests="2" errors="1" skipped="0" failures="0">
  <properties>
[...]
</properties>
  <testcase name="testGetStudent" classname="team11.Dyson.DysonApplicationTests" time="1.158">
    <error type="org.mybatis.spring.MyBatisSystemException"><![CDATA[org.mybatis.spring.MyBatisSystemException
	at org.mybatis.spring.MyBatisExceptionTranslator.translateExceptionIfPossible(MyBatisExceptionTranslator.java:97)
	at org.mybatis.spring.SqlSessionTemplate$SqlSessionInterceptor.invoke(SqlSessionTemplate.java:439)
	at jdk.proxy2/jdk.proxy2.$Proxy127.selectList(Unknown Source)
	at org.mybatis.spring.SqlSessionTemplate.selectList(SqlSessionTemplate.java:224)
	at org.apache.ibatis.binding.MapperMethod.executeForMany(MapperMethod.java:147)
	at org.apache.ibatis.binding.MapperMethod.execute(MapperMethod.java:80)
	at org.apache.ibatis.binding.MapperProxy$PlainMethodInvoker.invoke(MapperProxy.java:141)
	at org.apache.ibatis.binding.MapperProxy.invoke(MapperProxy.java:86)
	at jdk.proxy2/jdk.proxy2.$Proxy143.getAll(Unknown Source)
	at java.base/jdk.internal.reflect.DirectMethodHandleAccessor.invoke(DirectMethodHandleAccessor.java:103)
	at java.base/java.lang.reflect.Method.invoke(Method.java:580)
	at org.springframework.aop.support.AopUtils.invokeJoinpointUsingReflection(AopUtils.java:351)
	at org.springframework.aop.framework.ReflectiveMethodInvocation.invokeJoinpoint(ReflectiveMethodInvocation.java:196)
	at org.springframework.aop.framework.ReflectiveMethodInvocation.proceed(ReflectiveMethodInvocation.java:163)
	at org.springframework.dao.support.PersistenceExceptionTranslationInterceptor.invoke(PersistenceExceptionTranslationInterceptor.java:137)
	at org.springframework.aop.framework.ReflectiveMethodInvocation.proceed(ReflectiveMethodInvocation.java:184)
	at org.springframework.aop.framework.JdkDynamicAopProxy.invoke(JdkDynamicAopProxy.java:220)
	at jdk.proxy2/jdk.proxy2.$Proxy144.getAll(Unknown Source)
	at team11.Dyson.service.impl.StudentServiceImpl.getAll(StudentServiceImpl.java:83)
	at java.base/jdk.internal.reflect.DirectMethodHandleAccessor.invoke(DirectMethodHandleAccessor.java:103)
	at java.base/java.lang.reflect.Method.invoke(Method.java:580)
	at org.springframework.aop.support.AopUtils.invokeJoinpointUsingReflection(AopUtils.java:351)
	at org.springframework.aop.framework.ReflectiveMethodInvocation.invokeJoinpoint(ReflectiveMethodInvocation.java:196)
	at org.springframework.aop.framework.ReflectiveMethodInvocation.proceed(ReflectiveMethodInvocation.java:163)
	at org.springframework.aop.framework.CglibAopProxy$CglibMethodInvocation.proceed(CglibAopProxy.java:765)
	at org.springframework.transaction.interceptor.TransactionInterceptor$1.proceedWithInvocation(TransactionInterceptor.java:123)
	at org.springframework.transaction.interceptor.TransactionAspectSupport.invokeWithinTransaction(TransactionAspectSupport.java:385)
	at org.springframework.transaction.interceptor.TransactionInterceptor.invoke(TransactionInterceptor.java:119)
	at org.springframework.aop.framework.ReflectiveMethodInvocation.proceed(ReflectiveMethodInvocation.java:184)
	at org.springframework.aop.framework.CglibAopProxy$CglibMethodInvocation.proceed(CglibAopProxy.java:765)
	at org.springframework.aop.framework.CglibAopProxy$DynamicAdvisedInterceptor.intercept(CglibAopProxy.java:717)
	at team11.Dyson.service.impl.StudentServiceImpl$$SpringCGLIB$$0.getAll(<generated>)
	at team11.Dyson.DysonApplicationTests.testGetStudent(DysonApplicationTests.java:25)
	at java.base/java.lang.reflect.Method.invoke(Method.java:580)
	at java.base/java.util.ArrayList.forEach(ArrayList.java:1596)
	at java.base/java.util.ArrayList.forEach(ArrayList.java:1596)
Caused by: org.apache.ibatis.reflection.ReflectionException: Could not set property 'student_email_address' of 'class team11.Dyson.domian.Student' with value 'newstudent@qq.com' Cause: org.apache.ibatis.reflection.ReflectionException: There is no setter for property named 'student_email_address' in 'class team11.Dyson.domian.Student'
	at org.apache.ibatis.reflection.wrapper.BeanWrapper.setBeanProperty(BeanWrapper.java:178)
	at org.apache.ibatis.reflection.wrapper.BeanWrapper.set(BeanWrapper.java:58)
	at org.apache.ibatis.reflection.MetaObject.setValue(MetaObject.java:138)
	at org.apache.ibatis.executor.resultset.DefaultResultSetHandler.applyPropertyMappings(DefaultResultSetHandler.java:512)
	at org.apache.ibatis.executor.resultset.DefaultResultSetHandler.getRowValue(DefaultResultSetHandler.java:418)
	at org.apache.ibatis.executor.resultset.DefaultResultSetHandler.handleRowValuesForSimpleResultMap(DefaultResultSetHandler.java:366)
	at org.apache.ibatis.executor.resultset.DefaultResultSetHandler.handleRowValues(DefaultResultSetHandler.java:337)
	at org.apache.ibatis.executor.resultset.DefaultResultSetHandler.handleResultSet(DefaultResultSetHandler.java:310)
	at org.apache.ibatis.executor.resultset.DefaultResultSetHandler.handleResultSets(DefaultResultSetHandler.java:202)
	at org.apache.ibatis.executor.statement.PreparedStatementHandler.query(PreparedStatementHandler.java:66)
	at org.apache.ibatis.executor.statement.RoutingStatementHandler.query(RoutingStatementHandler.java:80)
	at org.apache.ibatis.executor.SimpleExecutor.doQuery(SimpleExecutor.java:65)
	at org.apache.ibatis.executor.BaseExecutor.queryFromDatabase(BaseExecutor.java:336)
	at org.apache.ibatis.executor.BaseExecutor.query(BaseExecutor.java:158)
	at org.apache.ibatis.executor.CachingExecutor.query(CachingExecutor.java:110)
	at org.apache.ibatis.executor.CachingExecutor.query(CachingExecutor.java:90)
	at org.apache.ibatis.session.defaults.DefaultSqlSession.selectList(DefaultSqlSession.java:154)
	at org.apache.ibatis.session.defaults.DefaultSqlSession.selectList(DefaultSqlSession.java:147)
	at org.apache.ibatis.session.defaults.DefaultSqlSession.selectList(DefaultSqlSession.java:142)
	at java.base/jdk.internal.reflect.DirectMethodHandleAccessor.invoke(DirectMethodHandleAccessor.java:103)
	at java.base/java.lang.reflect.Method.invoke(Method.java:580)
	at org.mybatis.spring.SqlSessionTemplate$SqlSessionInterceptor.invoke(SqlSessionTemplate.java:425)
	... 34 more
Caused by: org.apache.ibatis.reflection.ReflectionException: There is no setter for property named 'student_email_address' in 'class team11.Dyson.domian.Student'
	at org.apache.ibatis.reflection.Reflector.getSetInvoker(Reflector.java:377)
	at org.apache.ibatis.reflection.MetaClass.getSetInvoker(MetaClass.java:164)
	at org.apache.ibatis.reflection.wrapper.BeanWrapper.setBeanProperty(BeanWrapper.java:169)
	... 55 more
]]></error>
    <system-out><![CDATA[17:37:42.690 [main] INFO org.springframework.test.context.support.AnnotationConfigContextLoaderUtils -- Could not detect default configuration classes for test class [team11.Dyson.DysonApplicationTests]: DysonApplicationTests does not declare any static, non-private, non-final, nested classes annotated with @Configuration.
17:37:42.917 [main] INFO org.springframework.boot.test.context.SpringBootTestContextBootstrapper -- Found @SpringBootConfiguration team11.Dyson.DysonApplication for test class team11.Dyson.DysonApplicationTests
17:37:43.261 [main] INFO org.springframework.boot.devtools.restart.RestartApplicationListener -- Restart disabled due to context in which it is running

  .   ____          _            __ _ _
 /\\ / ___'_ __ _ _(_)_ __  __ _ \ \ \ \
( ( )\___ | '_ | '_| | '_ \/ _` | \ \ \ \
 \\/  ___)| |_)| | | | | || (_| |  ) ) ) )
  '  |____| .__|_| |_|_| |_\__, | / / / /
 =========|_|==============|___/=/_/_/_/
 :: Spring Boot ::                (v3.2.3)

2024-05-05 [main] INFO  team11.Dyson.DysonApplicationTests- Starting DysonApplicationTests using Java 21.0.1 with PID 12272 (started by Administrator in D:\Documents\GitHub\student-management-system)
2024-05-05 [main] INFO  team11.Dyson.DysonApplicationTests- No active profile set, falling back to 1 default profile: "default"
2024-05-05 [main] INFO  org.springframework.data.repository.config.RepositoryConfigurationDelegate- Bootstrapping Spring Data JPA repositories in DEFAULT mode.
2024-05-05 [main] INFO  org.springframework.data.repository.config.RepositoryConfigurationDelegate- Finished Spring Data repository scanning in 59 ms. Found 2 JPA repository interfaces.
2024-05-05 [main] INFO  com.alibaba.druid.pool.DruidDataSource- {dataSource-1} inited
2024-05-05 [main] INFO  org.hibernate.jpa.internal.util.LogHelper- HHH000204: Processing PersistenceUnitInfo [name: default]
2024-05-05 [main] INFO  org.hibernate.Version- HHH000412: Hibernate ORM core version 6.4.4.Final
2024-05-05 [main] INFO  org.hibernate.cache.internal.RegionFactoryInitiator- HHH000026: Second-level cache disabled
2024-05-05 [main] INFO  org.springframework.orm.jpa.persistenceunit.SpringPersistenceUnitInfo- No LoadTimeWeaver setup: ignoring JPA class transformer
2024-05-05 [main] INFO  org.hibernate.engine.transaction.jta.platform.internal.JtaPlatformInitiator- HHH000489: No JTA platform available (set 'hibernate.transaction.jta.platform' to enable JTA platform integration)
2024-05-05 [main] INFO  org.springframework.orm.jpa.LocalContainerEntityManagerFactoryBean- Initialized JPA EntityManagerFactory for persistence unit 'default'
2024-05-05 [main] WARN  org.springframework.boot.autoconfigure.orm.jpa.JpaBaseConfiguration$JpaWebConfiguration- spring.jpa.open-in-view is enabled by default. Therefore, database queries may be performed during view rendering. Explicitly configure spring.jpa.open-in-view to disable this warning
2024-05-05 [main] INFO  org.springframework.boot.autoconfigure.web.servlet.WelcomePageHandlerMapping- Adding welcome page: class path resource [static/index.html]
2024-05-05 [main] INFO  team11.Dyson.DysonApplicationTests- Started DysonApplicationTests in 9.703 seconds (process running for 11.935)
]]></system-out>
    <system-err><![CDATA[WARNING: A Java agent has been loaded dynamically (C:\Users\Administrator\.m2\repository\net\bytebuddy\byte-buddy-agent\1.14.12\byte-buddy-agent-1.14.12.jar)
WARNING: If a serviceability tool is in use, please run with -XX:+EnableDynamicAgentLoading to hide this warning
WARNING: If a serviceability tool is not in use, please run with -Djdk.instrument.traceUsage for more information
WARNING: Dynamic loading of agents will be disallowed by default in a future release
]]></system-err>
  </testcase>
  <testcase name="testGetTimetable" classname="team11.Dyson.DysonApplicationTests" time="0.047">
    <system-out><![CDATA[[Timetable{class_id = 1, class_name = class1, class_time = 2024-04-20 15:00:00.0, end_time = 2024-04-20 15:30:00.0, room = cluster 201, staff_email_address = null, mod_Id = 1}, Timetable{class_id = 2, class_name = class2, class_time = 2024-04-20 12:00:00.0, end_time = 2024-04-20 12:30:00.0, room = cluster 202, staff_email_address = null, mod_Id = 2}, Timetable{class_id = 3, class_name = class3, class_time = 2024-04-20 08:30:00.0, end_time = 2024-04-20 09:30:00.0, room = cluster 203, staff_email_address = null, mod_Id = 3}, Timetable{class_id = 4, class_name = 4, class_time = 2024-04-20 19:00:00.0, end_time = 2024-04-20 20:00:00.0, room = 2, staff_email_address = null, mod_Id = 4}, Timetable{class_id = 5, class_name = 4, class_time = 2024-04-21 19:00:00.0, end_time = 2024-04-21 20:00:00.0, room = 2, staff_email_address = null, mod_Id = null}, Timetable{class_id = 6, class_name = 4, class_time = 2024-04-19 19:00:00.0, end_time = 2024-04-19 20:00:00.0, room = 2, staff_email_address = null, mod_Id = null}]
]]></system-out>
  </testcase>
</testsuite>